[0.791s] Invoking command in '/home/joo/autonomous_navigation_ws/build/autonomous_launcher': AMENT_PREFIX_PATH=/home/joo/autonomous_navigation_ws/install/robot_description:/home/joo/autonomous_navigation_ws/install/path_planner:/home/joo/autonomous_navigation_ws/install/obstacle_detection:/home/joo/autonomous_navigation_ws/install/mpc_controller:/home/joo/autonomous_navigation_ws/install/autonomous_launcher:/opt/ros/humble PYTHONPATH=/home/joo/autonomous_navigation_ws/build/autonomous_launcher/prefix_override:/usr/lib/python3/dist-packages/colcon_core/task/python/colcon_distutils_commands:/home/joo/autonomous_navigation_ws/install/autonomous_launcher/lib/python3.10/site-packages:/home/joo/autonomous_navigation_ws/build/robot_description:/home/joo/autonomous_navigation_ws/install/robot_description/lib/python3.10/site-packages:/home/joo/autonomous_navigation_ws/build/path_planner:/home/joo/autonomous_navigation_ws/install/path_planner/lib/python3.10/site-packages:/home/joo/autonomous_navigation_ws/build/obstacle_detection:/home/joo/autonomous_navigation_ws/install/obstacle_detection/lib/python3.10/site-packages:/home/joo/autonomous_navigation_ws/build/mpc_controller:/home/joo/autonomous_navigation_ws/install/mpc_controller/lib/python3.10/site-packages:/home/joo/autonomous_navigation_ws/build/autonomous_launcher:/home/joo/autonomous_navigation_ws/install/autonomous_launcher/lib/python3.10/site-packages:/opt/ros/humble/lib/python3.10/site-packages:/opt/ros/humble/local/lib/python3.10/dist-packages /usr/bin/python3 -W ignore:setup.py install is deprecated -W ignore:easy_install command is deprecated setup.py develop --editable --build-directory /home/joo/autonomous_navigation_ws/build/autonomous_launcher/build --no-deps symlink_data
[1.091s] running develop
[1.303s] running egg_info
[1.303s] creating autonomous_launcher.egg-info
[1.308s] writing autonomous_launcher.egg-info/PKG-INFO
[1.308s] writing dependency_links to autonomous_launcher.egg-info/dependency_links.txt
[1.308s] writing entry points to autonomous_launcher.egg-info/entry_points.txt
[1.308s] writing requirements to autonomous_launcher.egg-info/requires.txt
[1.308s] writing top-level names to autonomous_launcher.egg-info/top_level.txt
[1.308s] writing manifest file 'autonomous_launcher.egg-info/SOURCES.txt'
[1.310s] reading manifest file 'autonomous_launcher.egg-info/SOURCES.txt'
[1.311s] writing manifest file 'autonomous_launcher.egg-info/SOURCES.txt'
[1.356s] running build_ext
[1.356s] Creating /home/joo/autonomous_navigation_ws/install/autonomous_launcher/lib/python3.10/site-packages/autonomous-launcher.egg-link (link to .)
[1.357s] 
[1.357s] Installed /home/joo/autonomous_navigation_ws/build/autonomous_launcher
[1.357s] running symlink_data
[1.357s] creating /home/joo/autonomous_navigation_ws/install/autonomous_launcher/share/ament_index
[1.357s] creating /home/joo/autonomous_navigation_ws/install/autonomous_launcher/share/ament_index/resource_index
[1.358s] creating /home/joo/autonomous_navigation_ws/install/autonomous_launcher/share/ament_index/resource_index/packages
[1.358s] symbolically linking /home/joo/autonomous_navigation_ws/build/autonomous_launcher/resource/autonomous_launcher -> /home/joo/autonomous_navigation_ws/install/autonomous_launcher/share/ament_index/resource_index/packages
[1.358s] symbolically linking /home/joo/autonomous_navigation_ws/build/autonomous_launcher/package.xml -> /home/joo/autonomous_navigation_ws/install/autonomous_launcher/share/autonomous_launcher
[1.358s] creating /home/joo/autonomous_navigation_ws/install/autonomous_launcher/share/autonomous_launcher/launch
[1.358s] symbolically linking /home/joo/autonomous_navigation_ws/build/autonomous_launcher/launch/autonomous_navigation.launch copy 2.py -> /home/joo/autonomous_navigation_ws/install/autonomous_launcher/share/autonomous_launcher/launch
[1.358s] symbolically linking /home/joo/autonomous_navigation_ws/build/autonomous_launcher/launch/autonomous_navigation.launch.py -> /home/joo/autonomous_navigation_ws/install/autonomous_launcher/share/autonomous_launcher/launch
[1.358s] symbolically linking /home/joo/autonomous_navigation_ws/build/autonomous_launcher/launch/autonomous_navigation.launch copy.py -> /home/joo/autonomous_navigation_ws/install/autonomous_launcher/share/autonomous_launcher/launch
[1.358s] symbolically linking /home/joo/autonomous_navigation_ws/build/autonomous_launcher/launch/simulation_only.launch.py -> /home/joo/autonomous_navigation_ws/install/autonomous_launcher/share/autonomous_launcher/launch
[1.396s] Invoked command in '/home/joo/autonomous_navigation_ws/build/autonomous_launcher' returned '0': AMENT_PREFIX_PATH=/home/joo/autonomous_navigation_ws/install/robot_description:/home/joo/autonomous_navigation_ws/install/path_planner:/home/joo/autonomous_navigation_ws/install/obstacle_detection:/home/joo/autonomous_navigation_ws/install/mpc_controller:/home/joo/autonomous_navigation_ws/install/autonomous_launcher:/opt/ros/humble PYTHONPATH=/home/joo/autonomous_navigation_ws/build/autonomous_launcher/prefix_override:/usr/lib/python3/dist-packages/colcon_core/task/python/colcon_distutils_commands:/home/joo/autonomous_navigation_ws/install/autonomous_launcher/lib/python3.10/site-packages:/home/joo/autonomous_navigation_ws/build/robot_description:/home/joo/autonomous_navigation_ws/install/robot_description/lib/python3.10/site-packages:/home/joo/autonomous_navigation_ws/build/path_planner:/home/joo/autonomous_navigation_ws/install/path_planner/lib/python3.10/site-packages:/home/joo/autonomous_navigation_ws/build/obstacle_detection:/home/joo/autonomous_navigation_ws/install/obstacle_detection/lib/python3.10/site-packages:/home/joo/autonomous_navigation_ws/build/mpc_controller:/home/joo/autonomous_navigation_ws/install/mpc_controller/lib/python3.10/site-packages:/home/joo/autonomous_navigation_ws/build/autonomous_launcher:/home/joo/autonomous_navigation_ws/install/autonomous_launcher/lib/python3.10/site-packages:/opt/ros/humble/lib/python3.10/site-packages:/opt/ros/humble/local/lib/python3.10/dist-packages /usr/bin/python3 -W ignore:setup.py install is deprecated -W ignore:easy_install command is deprecated setup.py develop --editable --build-directory /home/joo/autonomous_navigation_ws/build/autonomous_launcher/build --no-deps symlink_data
