[0.123s] DEBUG:colcon:Command line arguments: ['/usr/bin/colcon', 'build', '--symlink-install']
[0.123s] DEBUG:colcon:Parsed command line arguments: Namespace(log_base=None, log_level=None, verb_name='build', build_base='build', install_base='install', merge_install=False, symlink_install=True, test_result_base=None, continue_on_error=False, executor='parallel', parallel_workers=4, event_handlers=None, ignore_user_meta=False, metas=['./colcon.meta'], base_paths=['.'], packages_ignore=None, packages_ignore_regex=None, paths=None, packages_up_to=None, packages_up_to_regex=None, packages_above=None, packages_above_and_dependencies=None, packages_above_depth=None, packages_select_by_dep=None, packages_skip_by_dep=None, packages_skip_up_to=None, packages_select_build_failed=False, packages_skip_build_finished=False, packages_select_test_failures=False, packages_skip_test_passed=False, packages_select=None, packages_skip=None, packages_select_regex=None, packages_skip_regex=None, packages_start=None, packages_end=None, allow_overriding=[], cmake_args=None, cmake_target=None, cmake_target_skip_unavailable=False, cmake_clean_cache=False, cmake_clean_first=False, cmake_force_configure=False, ament_cmake_args=None, catkin_cmake_args=None, catkin_skip_building_tests=False, mixin_files=None, mixin=None, verb_parser=<colcon_mixin.mixin.mixin_argument.MixinArgumentDecorator object at 0x785f83a4aad0>, verb_extension=<colcon_core.verb.build.BuildVerb object at 0x785f83a4a620>, main=<bound method BuildVerb.main of <colcon_core.verb.build.BuildVerb object at 0x785f83a4a620>>, mixin_verb=('build',))
[0.334s] Level 1:colcon.colcon_core.package_discovery:discover_packages(colcon_meta) check parameters
[0.334s] Level 1:colcon.colcon_core.package_discovery:discover_packages(recursive) check parameters
[0.334s] Level 1:colcon.colcon_core.package_discovery:discover_packages(ignore) check parameters
[0.334s] Level 1:colcon.colcon_core.package_discovery:discover_packages(path) check parameters
[0.334s] Level 1:colcon.colcon_core.package_discovery:discover_packages(colcon_meta) discover
[0.334s] Level 1:colcon.colcon_core.package_discovery:discover_packages(recursive) discover
[0.334s] INFO:colcon.colcon_core.package_discovery:Crawling recursively for packages in '/home/joo/autonomous_navigation_ws'
[0.334s] Level 1:colcon.colcon_core.package_identification:_identify(.) by extensions ['ignore', 'ignore_ament_install']
[0.334s] Level 1:colcon.colcon_core.package_identification:_identify(.) by extension 'ignore'
[0.334s] Level 1:colcon.colcon_core.package_identification:_identify(.) by extension 'ignore_ament_install'
[0.335s] Level 1:colcon.colcon_core.package_identification:_identify(.) by extensions ['colcon_pkg']
[0.335s] Level 1:colcon.colcon_core.package_identification:_identify(.) by extension 'colcon_pkg'
[0.335s] Level 1:colcon.colcon_core.package_identification:_identify(.) by extensions ['colcon_meta']
[0.335s] Level 1:colcon.colcon_core.package_identification:_identify(.) by extension 'colcon_meta'
[0.335s] Level 1:colcon.colcon_core.package_identification:_identify(.) by extensions ['ros']
[0.335s] Level 1:colcon.colcon_core.package_identification:_identify(.) by extension 'ros'
[0.345s] Level 1:colcon.colcon_core.package_identification:_identify(.) by extensions ['cmake', 'python']
[0.345s] Level 1:colcon.colcon_core.package_identification:_identify(.) by extension 'cmake'
[0.346s] Level 1:colcon.colcon_core.package_identification:_identify(.) by extension 'python'
[0.346s] Level 1:colcon.colcon_core.package_identification:_identify(.) by extensions ['python_setup_py']
[0.346s] Level 1:colcon.colcon_core.package_identification:_identify(.) by extension 'python_setup_py'
[0.346s] Level 1:colcon.colcon_core.package_identification:_identify(build) by extensions ['ignore', 'ignore_ament_install']
[0.346s] Level 1:colcon.colcon_core.package_identification:_identify(build) by extension 'ignore'
[0.346s] Level 1:colcon.colcon_core.package_identification:_identify(build) ignored
[0.346s] Level 1:colcon.colcon_core.package_identification:_identify(c_generated_code) by extensions ['ignore', 'ignore_ament_install']
[0.346s] Level 1:colcon.colcon_core.package_identification:_identify(c_generated_code) by extension 'ignore'
[0.346s] Level 1:colcon.colcon_core.package_identification:_identify(c_generated_code) by extension 'ignore_ament_install'
[0.346s] Level 1:colcon.colcon_core.package_identification:_identify(c_generated_code) by extensions ['colcon_pkg']
[0.346s] Level 1:colcon.colcon_core.package_identification:_identify(c_generated_code) by extension 'colcon_pkg'
[0.346s] Level 1:colcon.colcon_core.package_identification:_identify(c_generated_code) by extensions ['colcon_meta']
[0.346s] Level 1:colcon.colcon_core.package_identification:_identify(c_generated_code) by extension 'colcon_meta'
[0.346s] Level 1:colcon.colcon_core.package_identification:_identify(c_generated_code) by extensions ['ros']
[0.346s] Level 1:colcon.colcon_core.package_identification:_identify(c_generated_code) by extension 'ros'
[0.346s] Level 1:colcon.colcon_core.package_identification:_identify(c_generated_code) by extensions ['cmake', 'python']
[0.346s] Level 1:colcon.colcon_core.package_identification:_identify(c_generated_code) by extension 'cmake'
[0.347s] Level 1:colcon.colcon_core.package_identification:_identify(c_generated_code) by extension 'python'
[0.347s] Level 1:colcon.colcon_core.package_identification:_identify(c_generated_code) by extensions ['python_setup_py']
[0.347s] Level 1:colcon.colcon_core.package_identification:_identify(c_generated_code) by extension 'python_setup_py'
[0.347s] Level 1:colcon.colcon_core.package_identification:_identify(c_generated_code/diff_drive_robot_constraints) by extensions ['ignore', 'ignore_ament_install']
[0.347s] Level 1:colcon.colcon_core.package_identification:_identify(c_generated_code/diff_drive_robot_constraints) by extension 'ignore'
[0.347s] Level 1:colcon.colcon_core.package_identification:_identify(c_generated_code/diff_drive_robot_constraints) by extension 'ignore_ament_install'
[0.347s] Level 1:colcon.colcon_core.package_identification:_identify(c_generated_code/diff_drive_robot_constraints) by extensions ['colcon_pkg']
[0.347s] Level 1:colcon.colcon_core.package_identification:_identify(c_generated_code/diff_drive_robot_constraints) by extension 'colcon_pkg'
[0.347s] Level 1:colcon.colcon_core.package_identification:_identify(c_generated_code/diff_drive_robot_constraints) by extensions ['colcon_meta']
[0.347s] Level 1:colcon.colcon_core.package_identification:_identify(c_generated_code/diff_drive_robot_constraints) by extension 'colcon_meta'
[0.347s] Level 1:colcon.colcon_core.package_identification:_identify(c_generated_code/diff_drive_robot_constraints) by extensions ['ros']
[0.347s] Level 1:colcon.colcon_core.package_identification:_identify(c_generated_code/diff_drive_robot_constraints) by extension 'ros'
[0.347s] Level 1:colcon.colcon_core.package_identification:_identify(c_generated_code/diff_drive_robot_constraints) by extensions ['cmake', 'python']
[0.347s] Level 1:colcon.colcon_core.package_identification:_identify(c_generated_code/diff_drive_robot_constraints) by extension 'cmake'
[0.347s] Level 1:colcon.colcon_core.package_identification:_identify(c_generated_code/diff_drive_robot_constraints) by extension 'python'
[0.347s] Level 1:colcon.colcon_core.package_identification:_identify(c_generated_code/diff_drive_robot_constraints) by extensions ['python_setup_py']
[0.347s] Level 1:colcon.colcon_core.package_identification:_identify(c_generated_code/diff_drive_robot_constraints) by extension 'python_setup_py'
[0.347s] Level 1:colcon.colcon_core.package_identification:_identify(c_generated_code/diff_drive_robot_model) by extensions ['ignore', 'ignore_ament_install']
[0.347s] Level 1:colcon.colcon_core.package_identification:_identify(c_generated_code/diff_drive_robot_model) by extension 'ignore'
[0.347s] Level 1:colcon.colcon_core.package_identification:_identify(c_generated_code/diff_drive_robot_model) by extension 'ignore_ament_install'
[0.348s] Level 1:colcon.colcon_core.package_identification:_identify(c_generated_code/diff_drive_robot_model) by extensions ['colcon_pkg']
[0.348s] Level 1:colcon.colcon_core.package_identification:_identify(c_generated_code/diff_drive_robot_model) by extension 'colcon_pkg'
[0.348s] Level 1:colcon.colcon_core.package_identification:_identify(c_generated_code/diff_drive_robot_model) by extensions ['colcon_meta']
[0.348s] Level 1:colcon.colcon_core.package_identification:_identify(c_generated_code/diff_drive_robot_model) by extension 'colcon_meta'
[0.348s] Level 1:colcon.colcon_core.package_identification:_identify(c_generated_code/diff_drive_robot_model) by extensions ['ros']
[0.348s] Level 1:colcon.colcon_core.package_identification:_identify(c_generated_code/diff_drive_robot_model) by extension 'ros'
[0.348s] Level 1:colcon.colcon_core.package_identification:_identify(c_generated_code/diff_drive_robot_model) by extensions ['cmake', 'python']
[0.348s] Level 1:colcon.colcon_core.package_identification:_identify(c_generated_code/diff_drive_robot_model) by extension 'cmake'
[0.348s] Level 1:colcon.colcon_core.package_identification:_identify(c_generated_code/diff_drive_robot_model) by extension 'python'
[0.348s] Level 1:colcon.colcon_core.package_identification:_identify(c_generated_code/diff_drive_robot_model) by extensions ['python_setup_py']
[0.348s] Level 1:colcon.colcon_core.package_identification:_identify(c_generated_code/diff_drive_robot_model) by extension 'python_setup_py'
[0.348s] Level 1:colcon.colcon_core.package_identification:_identify(install) by extensions ['ignore', 'ignore_ament_install']
[0.348s] Level 1:colcon.colcon_core.package_identification:_identify(install) by extension 'ignore'
[0.348s] Level 1:colcon.colcon_core.package_identification:_identify(install) ignored
[0.348s] Level 1:colcon.colcon_core.package_identification:_identify(log) by extensions ['ignore', 'ignore_ament_install']
[0.348s] Level 1:colcon.colcon_core.package_identification:_identify(log) by extension 'ignore'
[0.348s] Level 1:colcon.colcon_core.package_identification:_identify(log) ignored
[0.348s] Level 1:colcon.colcon_core.package_identification:_identify(src) by extensions ['ignore', 'ignore_ament_install']
[0.349s] Level 1:colcon.colcon_core.package_identification:_identify(src) by extension 'ignore'
[0.349s] Level 1:colcon.colcon_core.package_identification:_identify(src) by extension 'ignore_ament_install'
[0.349s] Level 1:colcon.colcon_core.package_identification:_identify(src) by extensions ['colcon_pkg']
[0.349s] Level 1:colcon.colcon_core.package_identification:_identify(src) by extension 'colcon_pkg'
[0.349s] Level 1:colcon.colcon_core.package_identification:_identify(src) by extensions ['colcon_meta']
[0.349s] Level 1:colcon.colcon_core.package_identification:_identify(src) by extension 'colcon_meta'
[0.349s] Level 1:colcon.colcon_core.package_identification:_identify(src) by extensions ['ros']
[0.349s] Level 1:colcon.colcon_core.package_identification:_identify(src) by extension 'ros'
[0.349s] Level 1:colcon.colcon_core.package_identification:_identify(src) by extensions ['cmake', 'python']
[0.349s] Level 1:colcon.colcon_core.package_identification:_identify(src) by extension 'cmake'
[0.349s] Level 1:colcon.colcon_core.package_identification:_identify(src) by extension 'python'
[0.349s] Level 1:colcon.colcon_core.package_identification:_identify(src) by extensions ['python_setup_py']
[0.349s] Level 1:colcon.colcon_core.package_identification:_identify(src) by extension 'python_setup_py'
[0.349s] Level 1:colcon.colcon_core.package_identification:_identify(src/autonomous_launcher) by extensions ['ignore', 'ignore_ament_install']
[0.349s] Level 1:colcon.colcon_core.package_identification:_identify(src/autonomous_launcher) by extension 'ignore'
[0.349s] Level 1:colcon.colcon_core.package_identification:_identify(src/autonomous_launcher) by extension 'ignore_ament_install'
[0.349s] Level 1:colcon.colcon_core.package_identification:_identify(src/autonomous_launcher) by extensions ['colcon_pkg']
[0.349s] Level 1:colcon.colcon_core.package_identification:_identify(src/autonomous_launcher) by extension 'colcon_pkg'
[0.349s] Level 1:colcon.colcon_core.package_identification:_identify(src/autonomous_launcher) by extensions ['colcon_meta']
[0.349s] Level 1:colcon.colcon_core.package_identification:_identify(src/autonomous_launcher) by extension 'colcon_meta'
[0.349s] Level 1:colcon.colcon_core.package_identification:_identify(src/autonomous_launcher) by extensions ['ros']
[0.349s] Level 1:colcon.colcon_core.package_identification:_identify(src/autonomous_launcher) by extension 'ros'
[0.352s] DEBUG:colcon.colcon_core.package_identification:Package 'src/autonomous_launcher' with type 'ros.ament_python' and name 'autonomous_launcher'
[0.352s] Level 1:colcon.colcon_core.package_identification:_identify(src/mpc_controller) by extensions ['ignore', 'ignore_ament_install']
[0.352s] Level 1:colcon.colcon_core.package_identification:_identify(src/mpc_controller) by extension 'ignore'
[0.352s] Level 1:colcon.colcon_core.package_identification:_identify(src/mpc_controller) by extension 'ignore_ament_install'
[0.352s] Level 1:colcon.colcon_core.package_identification:_identify(src/mpc_controller) by extensions ['colcon_pkg']
[0.352s] Level 1:colcon.colcon_core.package_identification:_identify(src/mpc_controller) by extension 'colcon_pkg'
[0.352s] Level 1:colcon.colcon_core.package_identification:_identify(src/mpc_controller) by extensions ['colcon_meta']
[0.352s] Level 1:colcon.colcon_core.package_identification:_identify(src/mpc_controller) by extension 'colcon_meta'
[0.353s] Level 1:colcon.colcon_core.package_identification:_identify(src/mpc_controller) by extensions ['ros']
[0.353s] Level 1:colcon.colcon_core.package_identification:_identify(src/mpc_controller) by extension 'ros'
[0.353s] DEBUG:colcon.colcon_core.package_identification:Package 'src/mpc_controller' with type 'ros.ament_python' and name 'mpc_controller'
[0.354s] Level 1:colcon.colcon_core.package_identification:_identify(src/obstacle_detection) by extensions ['ignore', 'ignore_ament_install']
[0.354s] Level 1:colcon.colcon_core.package_identification:_identify(src/obstacle_detection) by extension 'ignore'
[0.354s] Level 1:colcon.colcon_core.package_identification:_identify(src/obstacle_detection) by extension 'ignore_ament_install'
[0.354s] Level 1:colcon.colcon_core.package_identification:_identify(src/obstacle_detection) by extensions ['colcon_pkg']
[0.354s] Level 1:colcon.colcon_core.package_identification:_identify(src/obstacle_detection) by extension 'colcon_pkg'
[0.354s] Level 1:colcon.colcon_core.package_identification:_identify(src/obstacle_detection) by extensions ['colcon_meta']
[0.354s] Level 1:colcon.colcon_core.package_identification:_identify(src/obstacle_detection) by extension 'colcon_meta'
[0.354s] Level 1:colcon.colcon_core.package_identification:_identify(src/obstacle_detection) by extensions ['ros']
[0.354s] Level 1:colcon.colcon_core.package_identification:_identify(src/obstacle_detection) by extension 'ros'
[0.355s] DEBUG:colcon.colcon_core.package_identification:Package 'src/obstacle_detection' with type 'ros.ament_python' and name 'obstacle_detection'
[0.355s] Level 1:colcon.colcon_core.package_identification:_identify(src/path_planner) by extensions ['ignore', 'ignore_ament_install']
[0.355s] Level 1:colcon.colcon_core.package_identification:_identify(src/path_planner) by extension 'ignore'
[0.355s] Level 1:colcon.colcon_core.package_identification:_identify(src/path_planner) by extension 'ignore_ament_install'
[0.355s] Level 1:colcon.colcon_core.package_identification:_identify(src/path_planner) by extensions ['colcon_pkg']
[0.355s] Level 1:colcon.colcon_core.package_identification:_identify(src/path_planner) by extension 'colcon_pkg'
[0.356s] Level 1:colcon.colcon_core.package_identification:_identify(src/path_planner) by extensions ['colcon_meta']
[0.356s] Level 1:colcon.colcon_core.package_identification:_identify(src/path_planner) by extension 'colcon_meta'
[0.356s] Level 1:colcon.colcon_core.package_identification:_identify(src/path_planner) by extensions ['ros']
[0.356s] Level 1:colcon.colcon_core.package_identification:_identify(src/path_planner) by extension 'ros'
[0.356s] DEBUG:colcon.colcon_core.package_identification:Package 'src/path_planner' with type 'ros.ament_python' and name 'path_planner'
[0.356s] Level 1:colcon.colcon_core.package_identification:_identify(src/robot_description) by extensions ['ignore', 'ignore_ament_install']
[0.357s] Level 1:colcon.colcon_core.package_identification:_identify(src/robot_description) by extension 'ignore'
[0.357s] Level 1:colcon.colcon_core.package_identification:_identify(src/robot_description) by extension 'ignore_ament_install'
[0.357s] Level 1:colcon.colcon_core.package_identification:_identify(src/robot_description) by extensions ['colcon_pkg']
[0.357s] Level 1:colcon.colcon_core.package_identification:_identify(src/robot_description) by extension 'colcon_pkg'
[0.357s] Level 1:colcon.colcon_core.package_identification:_identify(src/robot_description) by extensions ['colcon_meta']
[0.357s] Level 1:colcon.colcon_core.package_identification:_identify(src/robot_description) by extension 'colcon_meta'
[0.357s] Level 1:colcon.colcon_core.package_identification:_identify(src/robot_description) by extensions ['ros']
[0.357s] Level 1:colcon.colcon_core.package_identification:_identify(src/robot_description) by extension 'ros'
[0.358s] DEBUG:colcon.colcon_core.package_identification:Package 'src/robot_description' with type 'ros.ament_python' and name 'robot_description'
[0.358s] Level 1:colcon.colcon_core.package_discovery:discover_packages(recursive) using defaults
[0.358s] Level 1:colcon.colcon_core.package_discovery:discover_packages(ignore) discover
[0.358s] Level 1:colcon.colcon_core.package_discovery:discover_packages(ignore) using defaults
[0.358s] Level 1:colcon.colcon_core.package_discovery:discover_packages(path) discover
[0.358s] Level 1:colcon.colcon_core.package_discovery:discover_packages(path) using defaults
[0.379s] Level 1:colcon.colcon_core.package_discovery:discover_packages(prefix_path) check parameters
[0.379s] Level 1:colcon.colcon_core.package_discovery:discover_packages(prefix_path) discover
[0.380s] WARNING:colcon.colcon_ros.prefix_path.ament:The path '/home/joo/autonomous_navigation_ws/install/autonomous_launcher' in the environment variable AMENT_PREFIX_PATH doesn't exist
[0.380s] WARNING:colcon.colcon_ros.prefix_path.ament:The path '/home/joo/autonomous_navigation_ws/install/robot_description' in the environment variable AMENT_PREFIX_PATH doesn't exist
[0.380s] WARNING:colcon.colcon_ros.prefix_path.ament:The path '/home/joo/autonomous_navigation_ws/install/path_planner' in the environment variable AMENT_PREFIX_PATH doesn't exist
[0.380s] WARNING:colcon.colcon_ros.prefix_path.ament:The path '/home/joo/autonomous_navigation_ws/install/obstacle_detection' in the environment variable AMENT_PREFIX_PATH doesn't exist
[0.380s] WARNING:colcon.colcon_ros.prefix_path.ament:The path '/home/joo/autonomous_navigation_ws/install/mpc_controller' in the environment variable AMENT_PREFIX_PATH doesn't exist
[0.381s] DEBUG:colcon.colcon_installed_package_information.package_discovery:Found 0 installed packages in /home/joo/autonomous_navigation_ws/install
[0.383s] DEBUG:colcon.colcon_installed_package_information.package_discovery:Found 462 installed packages in /opt/ros/humble
[0.385s] Level 1:colcon.colcon_core.package_discovery:discover_packages(prefix_path) using defaults
[0.444s] Level 5:colcon.colcon_core.verb:set package 'mpc_controller' build argument 'cmake_args' from command line to 'None'
[0.444s] Level 5:colcon.colcon_core.verb:set package 'mpc_controller' build argument 'cmake_target' from command line to 'None'
[0.444s] Level 5:colcon.colcon_core.verb:set package 'mpc_controller' build argument 'cmake_target_skip_unavailable' from command line to 'False'
[0.444s] Level 5:colcon.colcon_core.verb:set package 'mpc_controller' build argument 'cmake_clean_cache' from command line to 'False'
[0.445s] Level 5:colcon.colcon_core.verb:set package 'mpc_controller' build argument 'cmake_clean_first' from command line to 'False'
[0.445s] Level 5:colcon.colcon_core.verb:set package 'mpc_controller' build argument 'cmake_force_configure' from command line to 'False'
[0.445s] Level 5:colcon.colcon_core.verb:set package 'mpc_controller' build argument 'ament_cmake_args' from command line to 'None'
[0.445s] Level 5:colcon.colcon_core.verb:set package 'mpc_controller' build argument 'catkin_cmake_args' from command line to 'None'
[0.445s] Level 5:colcon.colcon_core.verb:set package 'mpc_controller' build argument 'catkin_skip_building_tests' from command line to 'False'
[0.445s] DEBUG:colcon.colcon_core.verb:Building package 'mpc_controller' with the following arguments: {'ament_cmake_args': None, 'build_base': '/home/joo/autonomous_navigation_ws/build/mpc_controller', 'catkin_cmake_args': None, 'catkin_skip_building_tests': False, 'cmake_args': None, 'cmake_clean_cache': False, 'cmake_clean_first': False, 'cmake_force_configure': False, 'cmake_target': None, 'cmake_target_skip_unavailable': False, 'install_base': '/home/joo/autonomous_navigation_ws/install/mpc_controller', 'merge_install': False, 'path': '/home/joo/autonomous_navigation_ws/src/mpc_controller', 'symlink_install': True, 'test_result_base': None}
[0.445s] Level 5:colcon.colcon_core.verb:set package 'obstacle_detection' build argument 'cmake_args' from command line to 'None'
[0.445s] Level 5:colcon.colcon_core.verb:set package 'obstacle_detection' build argument 'cmake_target' from command line to 'None'
[0.445s] Level 5:colcon.colcon_core.verb:set package 'obstacle_detection' build argument 'cmake_target_skip_unavailable' from command line to 'False'
[0.445s] Level 5:colcon.colcon_core.verb:set package 'obstacle_detection' build argument 'cmake_clean_cache' from command line to 'False'
[0.445s] Level 5:colcon.colcon_core.verb:set package 'obstacle_detection' build argument 'cmake_clean_first' from command line to 'False'
[0.445s] Level 5:colcon.colcon_core.verb:set package 'obstacle_detection' build argument 'cmake_force_configure' from command line to 'False'
[0.445s] Level 5:colcon.colcon_core.verb:set package 'obstacle_detection' build argument 'ament_cmake_args' from command line to 'None'
[0.445s] Level 5:colcon.colcon_core.verb:set package 'obstacle_detection' build argument 'catkin_cmake_args' from command line to 'None'
[0.445s] Level 5:colcon.colcon_core.verb:set package 'obstacle_detection' build argument 'catkin_skip_building_tests' from command line to 'False'
[0.445s] DEBUG:colcon.colcon_core.verb:Building package 'obstacle_detection' with the following arguments: {'ament_cmake_args': None, 'build_base': '/home/joo/autonomous_navigation_ws/build/obstacle_detection', 'catkin_cmake_args': None, 'catkin_skip_building_tests': False, 'cmake_args': None, 'cmake_clean_cache': False, 'cmake_clean_first': False, 'cmake_force_configure': False, 'cmake_target': None, 'cmake_target_skip_unavailable': False, 'install_base': '/home/joo/autonomous_navigation_ws/install/obstacle_detection', 'merge_install': False, 'path': '/home/joo/autonomous_navigation_ws/src/obstacle_detection', 'symlink_install': True, 'test_result_base': None}
[0.446s] Level 5:colcon.colcon_core.verb:set package 'path_planner' build argument 'cmake_args' from command line to 'None'
[0.446s] Level 5:colcon.colcon_core.verb:set package 'path_planner' build argument 'cmake_target' from command line to 'None'
[0.446s] Level 5:colcon.colcon_core.verb:set package 'path_planner' build argument 'cmake_target_skip_unavailable' from command line to 'False'
[0.446s] Level 5:colcon.colcon_core.verb:set package 'path_planner' build argument 'cmake_clean_cache' from command line to 'False'
[0.446s] Level 5:colcon.colcon_core.verb:set package 'path_planner' build argument 'cmake_clean_first' from command line to 'False'
[0.446s] Level 5:colcon.colcon_core.verb:set package 'path_planner' build argument 'cmake_force_configure' from command line to 'False'
[0.446s] Level 5:colcon.colcon_core.verb:set package 'path_planner' build argument 'ament_cmake_args' from command line to 'None'
[0.446s] Level 5:colcon.colcon_core.verb:set package 'path_planner' build argument 'catkin_cmake_args' from command line to 'None'
[0.446s] Level 5:colcon.colcon_core.verb:set package 'path_planner' build argument 'catkin_skip_building_tests' from command line to 'False'
[0.446s] DEBUG:colcon.colcon_core.verb:Building package 'path_planner' with the following arguments: {'ament_cmake_args': None, 'build_base': '/home/joo/autonomous_navigation_ws/build/path_planner', 'catkin_cmake_args': None, 'catkin_skip_building_tests': False, 'cmake_args': None, 'cmake_clean_cache': False, 'cmake_clean_first': False, 'cmake_force_configure': False, 'cmake_target': None, 'cmake_target_skip_unavailable': False, 'install_base': '/home/joo/autonomous_navigation_ws/install/path_planner', 'merge_install': False, 'path': '/home/joo/autonomous_navigation_ws/src/path_planner', 'symlink_install': True, 'test_result_base': None}
[0.446s] Level 5:colcon.colcon_core.verb:set package 'robot_description' build argument 'cmake_args' from command line to 'None'
[0.446s] Level 5:colcon.colcon_core.verb:set package 'robot_description' build argument 'cmake_target' from command line to 'None'
[0.446s] Level 5:colcon.colcon_core.verb:set package 'robot_description' build argument 'cmake_target_skip_unavailable' from command line to 'False'
[0.446s] Level 5:colcon.colcon_core.verb:set package 'robot_description' build argument 'cmake_clean_cache' from command line to 'False'
[0.446s] Level 5:colcon.colcon_core.verb:set package 'robot_description' build argument 'cmake_clean_first' from command line to 'False'
[0.446s] Level 5:colcon.colcon_core.verb:set package 'robot_description' build argument 'cmake_force_configure' from command line to 'False'
[0.446s] Level 5:colcon.colcon_core.verb:set package 'robot_description' build argument 'ament_cmake_args' from command line to 'None'
[0.446s] Level 5:colcon.colcon_core.verb:set package 'robot_description' build argument 'catkin_cmake_args' from command line to 'None'
[0.446s] Level 5:colcon.colcon_core.verb:set package 'robot_description' build argument 'catkin_skip_building_tests' from command line to 'False'
[0.446s] DEBUG:colcon.colcon_core.verb:Building package 'robot_description' with the following arguments: {'ament_cmake_args': None, 'build_base': '/home/joo/autonomous_navigation_ws/build/robot_description', 'catkin_cmake_args': None, 'catkin_skip_building_tests': False, 'cmake_args': None, 'cmake_clean_cache': False, 'cmake_clean_first': False, 'cmake_force_configure': False, 'cmake_target': None, 'cmake_target_skip_unavailable': False, 'install_base': '/home/joo/autonomous_navigation_ws/install/robot_description', 'merge_install': False, 'path': '/home/joo/autonomous_navigation_ws/src/robot_description', 'symlink_install': True, 'test_result_base': None}
[0.447s] Level 5:colcon.colcon_core.verb:set package 'autonomous_launcher' build argument 'cmake_args' from command line to 'None'
[0.447s] Level 5:colcon.colcon_core.verb:set package 'autonomous_launcher' build argument 'cmake_target' from command line to 'None'
[0.447s] Level 5:colcon.colcon_core.verb:set package 'autonomous_launcher' build argument 'cmake_target_skip_unavailable' from command line to 'False'
[0.447s] Level 5:colcon.colcon_core.verb:set package 'autonomous_launcher' build argument 'cmake_clean_cache' from command line to 'False'
[0.447s] Level 5:colcon.colcon_core.verb:set package 'autonomous_launcher' build argument 'cmake_clean_first' from command line to 'False'
[0.447s] Level 5:colcon.colcon_core.verb:set package 'autonomous_launcher' build argument 'cmake_force_configure' from command line to 'False'
[0.447s] Level 5:colcon.colcon_core.verb:set package 'autonomous_launcher' build argument 'ament_cmake_args' from command line to 'None'
[0.447s] Level 5:colcon.colcon_core.verb:set package 'autonomous_launcher' build argument 'catkin_cmake_args' from command line to 'None'
[0.447s] Level 5:colcon.colcon_core.verb:set package 'autonomous_launcher' build argument 'catkin_skip_building_tests' from command line to 'False'
[0.447s] DEBUG:colcon.colcon_core.verb:Building package 'autonomous_launcher' with the following arguments: {'ament_cmake_args': None, 'build_base': '/home/joo/autonomous_navigation_ws/build/autonomous_launcher', 'catkin_cmake_args': None, 'catkin_skip_building_tests': False, 'cmake_args': None, 'cmake_clean_cache': False, 'cmake_clean_first': False, 'cmake_force_configure': False, 'cmake_target': None, 'cmake_target_skip_unavailable': False, 'install_base': '/home/joo/autonomous_navigation_ws/install/autonomous_launcher', 'merge_install': False, 'path': '/home/joo/autonomous_navigation_ws/src/autonomous_launcher', 'symlink_install': True, 'test_result_base': None}
[0.447s] INFO:colcon.colcon_core.executor:Executing jobs using 'parallel' executor
[0.448s] DEBUG:colcon.colcon_parallel_executor.executor.parallel:run_until_complete
[0.448s] INFO:colcon.colcon_ros.task.ament_python.build:Building ROS package in '/home/joo/autonomous_navigation_ws/src/mpc_controller' with build type 'ament_python'
[0.448s] Level 1:colcon.colcon_core.shell:create_environment_hook('mpc_controller', 'ament_prefix_path')
[0.450s] INFO:colcon.colcon_core.plugin_system:Skipping extension 'colcon_core.shell.bat': Not used on non-Windows systems
[0.451s] INFO:colcon.colcon_core.shell:Creating environment hook '/home/joo/autonomous_navigation_ws/install/mpc_controller/share/mpc_controller/hook/ament_prefix_path.ps1'
[0.451s] INFO:colcon.colcon_core.shell:Creating environment descriptor '/home/joo/autonomous_navigation_ws/install/mpc_controller/share/mpc_controller/hook/ament_prefix_path.dsv'
[0.452s] INFO:colcon.colcon_core.shell:Creating environment hook '/home/joo/autonomous_navigation_ws/install/mpc_controller/share/mpc_controller/hook/ament_prefix_path.sh'
[0.452s] INFO:colcon.colcon_core.shell:Skip shell extension 'powershell' for command environment: Not usable outside of PowerShell
[0.452s] DEBUG:colcon.colcon_core.shell:Skip shell extension 'dsv' for command environment
[0.456s] INFO:colcon.colcon_ros.task.ament_python.build:Building ROS package in '/home/joo/autonomous_navigation_ws/src/obstacle_detection' with build type 'ament_python'
[0.456s] Level 1:colcon.colcon_core.shell:create_environment_hook('obstacle_detection', 'ament_prefix_path')
[0.457s] INFO:colcon.colcon_core.shell:Creating environment hook '/home/joo/autonomous_navigation_ws/install/obstacle_detection/share/obstacle_detection/hook/ament_prefix_path.ps1'
[0.457s] INFO:colcon.colcon_core.shell:Creating environment descriptor '/home/joo/autonomous_navigation_ws/install/obstacle_detection/share/obstacle_detection/hook/ament_prefix_path.dsv'
[0.458s] INFO:colcon.colcon_core.shell:Creating environment hook '/home/joo/autonomous_navigation_ws/install/obstacle_detection/share/obstacle_detection/hook/ament_prefix_path.sh'
[0.458s] INFO:colcon.colcon_core.shell:Skip shell extension 'powershell' for command environment: Not usable outside of PowerShell
[0.458s] DEBUG:colcon.colcon_core.shell:Skip shell extension 'dsv' for command environment
[0.463s] INFO:colcon.colcon_ros.task.ament_python.build:Building ROS package in '/home/joo/autonomous_navigation_ws/src/path_planner' with build type 'ament_python'
[0.463s] Level 1:colcon.colcon_core.shell:create_environment_hook('path_planner', 'ament_prefix_path')
[0.464s] INFO:colcon.colcon_core.shell:Creating environment hook '/home/joo/autonomous_navigation_ws/install/path_planner/share/path_planner/hook/ament_prefix_path.ps1'
[0.465s] INFO:colcon.colcon_core.shell:Creating environment descriptor '/home/joo/autonomous_navigation_ws/install/path_planner/share/path_planner/hook/ament_prefix_path.dsv'
[0.465s] INFO:colcon.colcon_core.shell:Creating environment hook '/home/joo/autonomous_navigation_ws/install/path_planner/share/path_planner/hook/ament_prefix_path.sh'
[0.466s] INFO:colcon.colcon_core.shell:Skip shell extension 'powershell' for command environment: Not usable outside of PowerShell
[0.466s] DEBUG:colcon.colcon_core.shell:Skip shell extension 'dsv' for command environment
[0.469s] INFO:colcon.colcon_ros.task.ament_python.build:Building ROS package in '/home/joo/autonomous_navigation_ws/src/robot_description' with build type 'ament_python'
[0.470s] Level 1:colcon.colcon_core.shell:create_environment_hook('robot_description', 'ament_prefix_path')
[0.470s] INFO:colcon.colcon_core.shell:Creating environment hook '/home/joo/autonomous_navigation_ws/install/robot_description/share/robot_description/hook/ament_prefix_path.ps1'
[0.471s] INFO:colcon.colcon_core.shell:Creating environment descriptor '/home/joo/autonomous_navigation_ws/install/robot_description/share/robot_description/hook/ament_prefix_path.dsv'
[0.471s] INFO:colcon.colcon_core.shell:Creating environment hook '/home/joo/autonomous_navigation_ws/install/robot_description/share/robot_description/hook/ament_prefix_path.sh'
[0.472s] INFO:colcon.colcon_core.shell:Skip shell extension 'powershell' for command environment: Not usable outside of PowerShell
[0.472s] DEBUG:colcon.colcon_core.shell:Skip shell extension 'dsv' for command environment
[0.770s] INFO:colcon.colcon_core.task.python.build:Building Python package in '/home/joo/autonomous_navigation_ws/src/mpc_controller'
[0.770s] INFO:colcon.colcon_core.shell:Skip shell extension 'powershell' for command environment: Not usable outside of PowerShell
[0.770s] DEBUG:colcon.colcon_core.shell:Skip shell extension 'dsv' for command environment
[1.064s] INFO:colcon.colcon_core.task.python.build:Building Python package in '/home/joo/autonomous_navigation_ws/src/obstacle_detection'
[1.064s] INFO:colcon.colcon_core.shell:Skip shell extension 'powershell' for command environment: Not usable outside of PowerShell
[1.064s] DEBUG:colcon.colcon_core.shell:Skip shell extension 'dsv' for command environment
[1.360s] INFO:colcon.colcon_core.task.python.build:Building Python package in '/home/joo/autonomous_navigation_ws/src/path_planner'
[1.360s] INFO:colcon.colcon_core.shell:Skip shell extension 'powershell' for command environment: Not usable outside of PowerShell
[1.360s] DEBUG:colcon.colcon_core.shell:Skip shell extension 'dsv' for command environment
[1.652s] INFO:colcon.colcon_core.task.python.build:Building Python package in '/home/joo/autonomous_navigation_ws/src/robot_description'
[1.652s] INFO:colcon.colcon_core.shell:Skip shell extension 'powershell' for command environment: Not usable outside of PowerShell
[1.652s] DEBUG:colcon.colcon_core.shell:Skip shell extension 'dsv' for command environment
[2.462s] DEBUG:colcon.colcon_core.event_handler.log_command:Invoking command in '/home/joo/autonomous_navigation_ws/build/obstacle_detection': PYTHONPATH=/home/joo/autonomous_navigation_ws/build/obstacle_detection/prefix_override:/usr/lib/python3/dist-packages/colcon_core/task/python/colcon_distutils_commands:/home/joo/autonomous_navigation_ws/install/obstacle_detection/lib/python3.10/site-packages:${PYTHONPATH} /usr/bin/python3 -W ignore:setup.py install is deprecated -W ignore:easy_install command is deprecated setup.py develop --editable --build-directory /home/joo/autonomous_navigation_ws/build/obstacle_detection/build --no-deps symlink_data
[2.469s] DEBUG:colcon.colcon_core.event_handler.log_command:Invoking command in '/home/joo/autonomous_navigation_ws/build/path_planner': PYTHONPATH=/home/joo/autonomous_navigation_ws/build/path_planner/prefix_override:/usr/lib/python3/dist-packages/colcon_core/task/python/colcon_distutils_commands:/home/joo/autonomous_navigation_ws/install/path_planner/lib/python3.10/site-packages:${PYTHONPATH} /usr/bin/python3 -W ignore:setup.py install is deprecated -W ignore:easy_install command is deprecated setup.py develop --editable --build-directory /home/joo/autonomous_navigation_ws/build/path_planner/build --no-deps symlink_data
[2.472s] DEBUG:colcon.colcon_core.event_handler.log_command:Invoking command in '/home/joo/autonomous_navigation_ws/build/mpc_controller': PYTHONPATH=/home/joo/autonomous_navigation_ws/build/mpc_controller/prefix_override:/usr/lib/python3/dist-packages/colcon_core/task/python/colcon_distutils_commands:/home/joo/autonomous_navigation_ws/install/mpc_controller/lib/python3.10/site-packages:${PYTHONPATH} /usr/bin/python3 -W ignore:setup.py install is deprecated -W ignore:easy_install command is deprecated setup.py develop --editable --build-directory /home/joo/autonomous_navigation_ws/build/mpc_controller/build --no-deps symlink_data
[2.551s] DEBUG:colcon.colcon_core.event_handler.log_command:Invoking command in '/home/joo/autonomous_navigation_ws/build/robot_description': PYTHONPATH=/home/joo/autonomous_navigation_ws/build/robot_description/prefix_override:/usr/lib/python3/dist-packages/colcon_core/task/python/colcon_distutils_commands:/home/joo/autonomous_navigation_ws/install/robot_description/lib/python3.10/site-packages:${PYTHONPATH} /usr/bin/python3 -W ignore:setup.py install is deprecated -W ignore:easy_install command is deprecated setup.py develop --editable --build-directory /home/joo/autonomous_navigation_ws/build/robot_description/build --no-deps symlink_data
[3.532s] Level 1:colcon.colcon_core.shell:create_environment_hook('obstacle_detection', 'pythonpath_develop')
[3.532s] INFO:colcon.colcon_core.shell:Creating environment hook '/home/joo/autonomous_navigation_ws/build/obstacle_detection/share/obstacle_detection/hook/pythonpath_develop.ps1'
[3.533s] DEBUG:colcon.colcon_core.event_handler.log_command:Invoked command in '/home/joo/autonomous_navigation_ws/build/obstacle_detection' returned '0': PYTHONPATH=/home/joo/autonomous_navigation_ws/build/obstacle_detection/prefix_override:/usr/lib/python3/dist-packages/colcon_core/task/python/colcon_distutils_commands:/home/joo/autonomous_navigation_ws/install/obstacle_detection/lib/python3.10/site-packages:${PYTHONPATH} /usr/bin/python3 -W ignore:setup.py install is deprecated -W ignore:easy_install command is deprecated setup.py develop --editable --build-directory /home/joo/autonomous_navigation_ws/build/obstacle_detection/build --no-deps symlink_data
[3.533s] INFO:colcon.colcon_core.shell:Creating environment descriptor '/home/joo/autonomous_navigation_ws/build/obstacle_detection/share/obstacle_detection/hook/pythonpath_develop.dsv'
[3.534s] INFO:colcon.colcon_core.shell:Creating environment hook '/home/joo/autonomous_navigation_ws/build/obstacle_detection/share/obstacle_detection/hook/pythonpath_develop.sh'
[3.536s] Level 1:colcon.colcon_core.environment:checking '/home/joo/autonomous_navigation_ws/install/obstacle_detection' for CMake module files
[3.537s] Level 1:colcon.colcon_core.environment:checking '/home/joo/autonomous_navigation_ws/install/obstacle_detection' for CMake config files
[3.537s] Level 1:colcon.colcon_core.environment:checking '/home/joo/autonomous_navigation_ws/install/obstacle_detection/lib'
[3.537s] Level 1:colcon.colcon_core.environment:checking '/home/joo/autonomous_navigation_ws/install/obstacle_detection/bin'
[3.537s] Level 1:colcon.colcon_core.environment:checking '/home/joo/autonomous_navigation_ws/install/obstacle_detection/lib/pkgconfig/obstacle_detection.pc'
[3.538s] Level 1:colcon.colcon_core.environment:checking '/home/joo/autonomous_navigation_ws/install/obstacle_detection/lib/python3.10/site-packages'
[3.538s] Level 1:colcon.colcon_core.shell:create_environment_hook('obstacle_detection', 'pythonpath')
[3.538s] INFO:colcon.colcon_core.shell:Creating environment hook '/home/joo/autonomous_navigation_ws/install/obstacle_detection/share/obstacle_detection/hook/pythonpath.ps1'
[3.538s] INFO:colcon.colcon_core.shell:Creating environment descriptor '/home/joo/autonomous_navigation_ws/install/obstacle_detection/share/obstacle_detection/hook/pythonpath.dsv'
[3.538s] INFO:colcon.colcon_core.shell:Creating environment hook '/home/joo/autonomous_navigation_ws/install/obstacle_detection/share/obstacle_detection/hook/pythonpath.sh'
[3.539s] Level 1:colcon.colcon_core.environment:checking '/home/joo/autonomous_navigation_ws/install/obstacle_detection/bin'
[3.539s] Level 1:colcon.colcon_core.environment:create_environment_scripts_only(obstacle_detection)
[3.539s] INFO:colcon.colcon_core.shell:Creating package script '/home/joo/autonomous_navigation_ws/install/obstacle_detection/share/obstacle_detection/package.ps1'
[3.540s] INFO:colcon.colcon_core.shell:Creating package descriptor '/home/joo/autonomous_navigation_ws/install/obstacle_detection/share/obstacle_detection/package.dsv'
[3.541s] INFO:colcon.colcon_core.shell:Creating package script '/home/joo/autonomous_navigation_ws/install/obstacle_detection/share/obstacle_detection/package.sh'
[3.542s] INFO:colcon.colcon_core.shell:Creating package script '/home/joo/autonomous_navigation_ws/install/obstacle_detection/share/obstacle_detection/package.bash'
[3.542s] INFO:colcon.colcon_core.shell:Creating package script '/home/joo/autonomous_navigation_ws/install/obstacle_detection/share/obstacle_detection/package.zsh'
[3.543s] Level 1:colcon.colcon_core.environment:create_file_with_runtime_dependencies(/home/joo/autonomous_navigation_ws/install/obstacle_detection/share/colcon-core/packages/obstacle_detection)
[3.544s] Level 1:colcon.colcon_core.shell:create_environment_hook('mpc_controller', 'pythonpath_develop')
[3.545s] INFO:colcon.colcon_core.shell:Creating environment hook '/home/joo/autonomous_navigation_ws/build/mpc_controller/share/mpc_controller/hook/pythonpath_develop.ps1'
[3.546s] DEBUG:colcon.colcon_core.event_handler.log_command:Invoked command in '/home/joo/autonomous_navigation_ws/build/mpc_controller' returned '0': PYTHONPATH=/home/joo/autonomous_navigation_ws/build/mpc_controller/prefix_override:/usr/lib/python3/dist-packages/colcon_core/task/python/colcon_distutils_commands:/home/joo/autonomous_navigation_ws/install/mpc_controller/lib/python3.10/site-packages:${PYTHONPATH} /usr/bin/python3 -W ignore:setup.py install is deprecated -W ignore:easy_install command is deprecated setup.py develop --editable --build-directory /home/joo/autonomous_navigation_ws/build/mpc_controller/build --no-deps symlink_data
[3.546s] INFO:colcon.colcon_core.shell:Creating environment descriptor '/home/joo/autonomous_navigation_ws/build/mpc_controller/share/mpc_controller/hook/pythonpath_develop.dsv'
[3.547s] INFO:colcon.colcon_core.shell:Creating environment hook '/home/joo/autonomous_navigation_ws/build/mpc_controller/share/mpc_controller/hook/pythonpath_develop.sh'
[3.548s] Level 1:colcon.colcon_core.environment:checking '/home/joo/autonomous_navigation_ws/install/mpc_controller' for CMake module files
[3.548s] Level 1:colcon.colcon_core.environment:checking '/home/joo/autonomous_navigation_ws/install/mpc_controller' for CMake config files
[3.549s] Level 1:colcon.colcon_core.environment:checking '/home/joo/autonomous_navigation_ws/install/mpc_controller/lib'
[3.549s] Level 1:colcon.colcon_core.environment:checking '/home/joo/autonomous_navigation_ws/install/mpc_controller/bin'
[3.549s] Level 1:colcon.colcon_core.environment:checking '/home/joo/autonomous_navigation_ws/install/mpc_controller/lib/pkgconfig/mpc_controller.pc'
[3.549s] Level 1:colcon.colcon_core.environment:checking '/home/joo/autonomous_navigation_ws/install/mpc_controller/lib/python3.10/site-packages'
[3.549s] Level 1:colcon.colcon_core.shell:create_environment_hook('mpc_controller', 'pythonpath')
[3.550s] INFO:colcon.colcon_core.shell:Creating environment hook '/home/joo/autonomous_navigation_ws/install/mpc_controller/share/mpc_controller/hook/pythonpath.ps1'
[3.550s] INFO:colcon.colcon_core.shell:Creating environment descriptor '/home/joo/autonomous_navigation_ws/install/mpc_controller/share/mpc_controller/hook/pythonpath.dsv'
[3.551s] INFO:colcon.colcon_core.shell:Creating environment hook '/home/joo/autonomous_navigation_ws/install/mpc_controller/share/mpc_controller/hook/pythonpath.sh'
[3.552s] Level 1:colcon.colcon_core.environment:checking '/home/joo/autonomous_navigation_ws/install/mpc_controller/bin'
[3.552s] Level 1:colcon.colcon_core.environment:create_environment_scripts_only(mpc_controller)
[3.552s] INFO:colcon.colcon_core.shell:Creating package script '/home/joo/autonomous_navigation_ws/install/mpc_controller/share/mpc_controller/package.ps1'
[3.553s] INFO:colcon.colcon_core.shell:Creating package descriptor '/home/joo/autonomous_navigation_ws/install/mpc_controller/share/mpc_controller/package.dsv'
[3.554s] INFO:colcon.colcon_core.shell:Creating package script '/home/joo/autonomous_navigation_ws/install/mpc_controller/share/mpc_controller/package.sh'
[3.555s] INFO:colcon.colcon_core.shell:Creating package script '/home/joo/autonomous_navigation_ws/install/mpc_controller/share/mpc_controller/package.bash'
[3.556s] INFO:colcon.colcon_core.shell:Creating package script '/home/joo/autonomous_navigation_ws/install/mpc_controller/share/mpc_controller/package.zsh'
[3.559s] Level 1:colcon.colcon_core.environment:create_file_with_runtime_dependencies(/home/joo/autonomous_navigation_ws/install/mpc_controller/share/colcon-core/packages/mpc_controller)
[3.610s] Level 1:colcon.colcon_core.shell:create_environment_hook('robot_description', 'pythonpath_develop')
[3.610s] INFO:colcon.colcon_core.shell:Creating environment hook '/home/joo/autonomous_navigation_ws/build/robot_description/share/robot_description/hook/pythonpath_develop.ps1'
[3.611s] DEBUG:colcon.colcon_core.event_handler.log_command:Invoked command in '/home/joo/autonomous_navigation_ws/build/robot_description' returned '0': PYTHONPATH=/home/joo/autonomous_navigation_ws/build/robot_description/prefix_override:/usr/lib/python3/dist-packages/colcon_core/task/python/colcon_distutils_commands:/home/joo/autonomous_navigation_ws/install/robot_description/lib/python3.10/site-packages:${PYTHONPATH} /usr/bin/python3 -W ignore:setup.py install is deprecated -W ignore:easy_install command is deprecated setup.py develop --editable --build-directory /home/joo/autonomous_navigation_ws/build/robot_description/build --no-deps symlink_data
[3.612s] INFO:colcon.colcon_core.shell:Creating environment descriptor '/home/joo/autonomous_navigation_ws/build/robot_description/share/robot_description/hook/pythonpath_develop.dsv'
[3.612s] INFO:colcon.colcon_core.shell:Creating environment hook '/home/joo/autonomous_navigation_ws/build/robot_description/share/robot_description/hook/pythonpath_develop.sh'
[3.613s] Level 1:colcon.colcon_core.environment:checking '/home/joo/autonomous_navigation_ws/install/robot_description' for CMake module files
[3.613s] Level 1:colcon.colcon_core.environment:checking '/home/joo/autonomous_navigation_ws/install/robot_description' for CMake config files
[3.614s] Level 1:colcon.colcon_core.environment:checking '/home/joo/autonomous_navigation_ws/install/robot_description/lib'
[3.614s] Level 1:colcon.colcon_core.environment:checking '/home/joo/autonomous_navigation_ws/install/robot_description/bin'
[3.614s] Level 1:colcon.colcon_core.environment:checking '/home/joo/autonomous_navigation_ws/install/robot_description/lib/pkgconfig/robot_description.pc'
[3.614s] Level 1:colcon.colcon_core.environment:checking '/home/joo/autonomous_navigation_ws/install/robot_description/lib/python3.10/site-packages'
[3.614s] Level 1:colcon.colcon_core.shell:create_environment_hook('robot_description', 'pythonpath')
[3.615s] INFO:colcon.colcon_core.shell:Creating environment hook '/home/joo/autonomous_navigation_ws/install/robot_description/share/robot_description/hook/pythonpath.ps1'
[3.615s] INFO:colcon.colcon_core.shell:Creating environment descriptor '/home/joo/autonomous_navigation_ws/install/robot_description/share/robot_description/hook/pythonpath.dsv'
[3.615s] INFO:colcon.colcon_core.shell:Creating environment hook '/home/joo/autonomous_navigation_ws/install/robot_description/share/robot_description/hook/pythonpath.sh'
[3.616s] Level 1:colcon.colcon_core.environment:checking '/home/joo/autonomous_navigation_ws/install/robot_description/bin'
[3.616s] Level 1:colcon.colcon_core.environment:create_environment_scripts_only(robot_description)
[3.617s] INFO:colcon.colcon_core.shell:Creating package script '/home/joo/autonomous_navigation_ws/install/robot_description/share/robot_description/package.ps1'
[3.617s] INFO:colcon.colcon_core.shell:Creating package descriptor '/home/joo/autonomous_navigation_ws/install/robot_description/share/robot_description/package.dsv'
[3.618s] INFO:colcon.colcon_core.shell:Creating package script '/home/joo/autonomous_navigation_ws/install/robot_description/share/robot_description/package.sh'
[3.618s] INFO:colcon.colcon_core.shell:Creating package script '/home/joo/autonomous_navigation_ws/install/robot_description/share/robot_description/package.bash'
[3.619s] INFO:colcon.colcon_core.shell:Creating package script '/home/joo/autonomous_navigation_ws/install/robot_description/share/robot_description/package.zsh'
[3.619s] Level 1:colcon.colcon_core.environment:create_file_with_runtime_dependencies(/home/joo/autonomous_navigation_ws/install/robot_description/share/colcon-core/packages/robot_description)
[3.620s] Level 1:colcon.colcon_core.shell:create_environment_hook('path_planner', 'pythonpath_develop')
[3.620s] INFO:colcon.colcon_core.shell:Creating environment hook '/home/joo/autonomous_navigation_ws/build/path_planner/share/path_planner/hook/pythonpath_develop.ps1'
[3.621s] DEBUG:colcon.colcon_core.event_handler.log_command:Invoked command in '/home/joo/autonomous_navigation_ws/build/path_planner' returned '0': PYTHONPATH=/home/joo/autonomous_navigation_ws/build/path_planner/prefix_override:/usr/lib/python3/dist-packages/colcon_core/task/python/colcon_distutils_commands:/home/joo/autonomous_navigation_ws/install/path_planner/lib/python3.10/site-packages:${PYTHONPATH} /usr/bin/python3 -W ignore:setup.py install is deprecated -W ignore:easy_install command is deprecated setup.py develop --editable --build-directory /home/joo/autonomous_navigation_ws/build/path_planner/build --no-deps symlink_data
[3.621s] INFO:colcon.colcon_core.shell:Creating environment descriptor '/home/joo/autonomous_navigation_ws/build/path_planner/share/path_planner/hook/pythonpath_develop.dsv'
[3.622s] INFO:colcon.colcon_core.shell:Creating environment hook '/home/joo/autonomous_navigation_ws/build/path_planner/share/path_planner/hook/pythonpath_develop.sh'
[3.622s] Level 1:colcon.colcon_core.environment:checking '/home/joo/autonomous_navigation_ws/install/path_planner' for CMake module files
[3.623s] Level 1:colcon.colcon_core.environment:checking '/home/joo/autonomous_navigation_ws/install/path_planner' for CMake config files
[3.623s] Level 1:colcon.colcon_core.environment:checking '/home/joo/autonomous_navigation_ws/install/path_planner/lib'
[3.623s] Level 1:colcon.colcon_core.environment:checking '/home/joo/autonomous_navigation_ws/install/path_planner/bin'
[3.623s] Level 1:colcon.colcon_core.environment:checking '/home/joo/autonomous_navigation_ws/install/path_planner/lib/pkgconfig/path_planner.pc'
[3.624s] Level 1:colcon.colcon_core.environment:checking '/home/joo/autonomous_navigation_ws/install/path_planner/lib/python3.10/site-packages'
[3.624s] Level 1:colcon.colcon_core.shell:create_environment_hook('path_planner', 'pythonpath')
[3.624s] INFO:colcon.colcon_core.shell:Creating environment hook '/home/joo/autonomous_navigation_ws/install/path_planner/share/path_planner/hook/pythonpath.ps1'
[3.624s] INFO:colcon.colcon_core.shell:Creating environment descriptor '/home/joo/autonomous_navigation_ws/install/path_planner/share/path_planner/hook/pythonpath.dsv'
[3.625s] INFO:colcon.colcon_core.shell:Creating environment hook '/home/joo/autonomous_navigation_ws/install/path_planner/share/path_planner/hook/pythonpath.sh'
[3.625s] Level 1:colcon.colcon_core.environment:checking '/home/joo/autonomous_navigation_ws/install/path_planner/bin'
[3.625s] Level 1:colcon.colcon_core.environment:create_environment_scripts_only(path_planner)
[3.625s] INFO:colcon.colcon_core.shell:Creating package script '/home/joo/autonomous_navigation_ws/install/path_planner/share/path_planner/package.ps1'
[3.626s] INFO:colcon.colcon_core.shell:Creating package descriptor '/home/joo/autonomous_navigation_ws/install/path_planner/share/path_planner/package.dsv'
[3.626s] INFO:colcon.colcon_core.shell:Creating package script '/home/joo/autonomous_navigation_ws/install/path_planner/share/path_planner/package.sh'
[3.627s] INFO:colcon.colcon_core.shell:Creating package script '/home/joo/autonomous_navigation_ws/install/path_planner/share/path_planner/package.bash'
[3.627s] INFO:colcon.colcon_core.shell:Creating package script '/home/joo/autonomous_navigation_ws/install/path_planner/share/path_planner/package.zsh'
[3.627s] Level 1:colcon.colcon_core.environment:create_file_with_runtime_dependencies(/home/joo/autonomous_navigation_ws/install/path_planner/share/colcon-core/packages/path_planner)
[3.628s] INFO:colcon.colcon_ros.task.ament_python.build:Building ROS package in '/home/joo/autonomous_navigation_ws/src/autonomous_launcher' with build type 'ament_python'
[3.628s] Level 1:colcon.colcon_core.shell:create_environment_hook('autonomous_launcher', 'ament_prefix_path')
[3.628s] INFO:colcon.colcon_core.shell:Creating environment hook '/home/joo/autonomous_navigation_ws/install/autonomous_launcher/share/autonomous_launcher/hook/ament_prefix_path.ps1'
[3.629s] INFO:colcon.colcon_core.shell:Creating environment descriptor '/home/joo/autonomous_navigation_ws/install/autonomous_launcher/share/autonomous_launcher/hook/ament_prefix_path.dsv'
[3.629s] INFO:colcon.colcon_core.shell:Creating environment hook '/home/joo/autonomous_navigation_ws/install/autonomous_launcher/share/autonomous_launcher/hook/ament_prefix_path.sh'
[3.630s] INFO:colcon.colcon_core.shell:Skip shell extension 'powershell' for command environment: Not usable outside of PowerShell
[3.630s] DEBUG:colcon.colcon_core.shell:Skip shell extension 'dsv' for command environment
[3.944s] INFO:colcon.colcon_core.task.python.build:Building Python package in '/home/joo/autonomous_navigation_ws/src/autonomous_launcher'
[3.944s] INFO:colcon.colcon_core.shell:Skip shell extension 'powershell' for command environment: Not usable outside of PowerShell
[3.944s] DEBUG:colcon.colcon_core.shell:Skip shell extension 'dsv' for command environment
[4.421s] DEBUG:colcon.colcon_core.event_handler.log_command:Invoking command in '/home/joo/autonomous_navigation_ws/build/autonomous_launcher': AMENT_PREFIX_PATH=/home/joo/autonomous_navigation_ws/install/robot_description:/home/joo/autonomous_navigation_ws/install/path_planner:/home/joo/autonomous_navigation_ws/install/obstacle_detection:/home/joo/autonomous_navigation_ws/install/mpc_controller:/home/joo/autonomous_navigation_ws/install/autonomous_launcher:/opt/ros/humble PYTHONPATH=/home/joo/autonomous_navigation_ws/build/autonomous_launcher/prefix_override:/usr/lib/python3/dist-packages/colcon_core/task/python/colcon_distutils_commands:/home/joo/autonomous_navigation_ws/install/autonomous_launcher/lib/python3.10/site-packages:/home/joo/autonomous_navigation_ws/build/robot_description:/home/joo/autonomous_navigation_ws/install/robot_description/lib/python3.10/site-packages:/home/joo/autonomous_navigation_ws/build/path_planner:/home/joo/autonomous_navigation_ws/install/path_planner/lib/python3.10/site-packages:/home/joo/autonomous_navigation_ws/build/obstacle_detection:/home/joo/autonomous_navigation_ws/install/obstacle_detection/lib/python3.10/site-packages:/home/joo/autonomous_navigation_ws/build/mpc_controller:/home/joo/autonomous_navigation_ws/install/mpc_controller/lib/python3.10/site-packages:/home/joo/autonomous_navigation_ws/build/autonomous_launcher:/home/joo/autonomous_navigation_ws/install/autonomous_launcher/lib/python3.10/site-packages:/opt/ros/humble/lib/python3.10/site-packages:/opt/ros/humble/local/lib/python3.10/dist-packages /usr/bin/python3 -W ignore:setup.py install is deprecated -W ignore:easy_install command is deprecated setup.py develop --editable --build-directory /home/joo/autonomous_navigation_ws/build/autonomous_launcher/build --no-deps symlink_data
[5.024s] Level 1:colcon.colcon_core.shell:create_environment_hook('autonomous_launcher', 'pythonpath_develop')
[5.025s] DEBUG:colcon.colcon_core.event_handler.log_command:Invoked command in '/home/joo/autonomous_navigation_ws/build/autonomous_launcher' returned '0': AMENT_PREFIX_PATH=/home/joo/autonomous_navigation_ws/install/robot_description:/home/joo/autonomous_navigation_ws/install/path_planner:/home/joo/autonomous_navigation_ws/install/obstacle_detection:/home/joo/autonomous_navigation_ws/install/mpc_controller:/home/joo/autonomous_navigation_ws/install/autonomous_launcher:/opt/ros/humble PYTHONPATH=/home/joo/autonomous_navigation_ws/build/autonomous_launcher/prefix_override:/usr/lib/python3/dist-packages/colcon_core/task/python/colcon_distutils_commands:/home/joo/autonomous_navigation_ws/install/autonomous_launcher/lib/python3.10/site-packages:/home/joo/autonomous_navigation_ws/build/robot_description:/home/joo/autonomous_navigation_ws/install/robot_description/lib/python3.10/site-packages:/home/joo/autonomous_navigation_ws/build/path_planner:/home/joo/autonomous_navigation_ws/install/path_planner/lib/python3.10/site-packages:/home/joo/autonomous_navigation_ws/build/obstacle_detection:/home/joo/autonomous_navigation_ws/install/obstacle_detection/lib/python3.10/site-packages:/home/joo/autonomous_navigation_ws/build/mpc_controller:/home/joo/autonomous_navigation_ws/install/mpc_controller/lib/python3.10/site-packages:/home/joo/autonomous_navigation_ws/build/autonomous_launcher:/home/joo/autonomous_navigation_ws/install/autonomous_launcher/lib/python3.10/site-packages:/opt/ros/humble/lib/python3.10/site-packages:/opt/ros/humble/local/lib/python3.10/dist-packages /usr/bin/python3 -W ignore:setup.py install is deprecated -W ignore:easy_install command is deprecated setup.py develop --editable --build-directory /home/joo/autonomous_navigation_ws/build/autonomous_launcher/build --no-deps symlink_data
[5.025s] INFO:colcon.colcon_core.shell:Creating environment hook '/home/joo/autonomous_navigation_ws/build/autonomous_launcher/share/autonomous_launcher/hook/pythonpath_develop.ps1'
[5.026s] INFO:colcon.colcon_core.shell:Creating environment descriptor '/home/joo/autonomous_navigation_ws/build/autonomous_launcher/share/autonomous_launcher/hook/pythonpath_develop.dsv'
[5.026s] INFO:colcon.colcon_core.shell:Creating environment hook '/home/joo/autonomous_navigation_ws/build/autonomous_launcher/share/autonomous_launcher/hook/pythonpath_develop.sh'
[5.026s] Level 1:colcon.colcon_core.environment:checking '/home/joo/autonomous_navigation_ws/install/autonomous_launcher' for CMake module files
[5.027s] Level 1:colcon.colcon_core.environment:checking '/home/joo/autonomous_navigation_ws/install/autonomous_launcher' for CMake config files
[5.027s] Level 1:colcon.colcon_core.environment:checking '/home/joo/autonomous_navigation_ws/install/autonomous_launcher/lib'
[5.027s] Level 1:colcon.colcon_core.environment:checking '/home/joo/autonomous_navigation_ws/install/autonomous_launcher/bin'
[5.027s] Level 1:colcon.colcon_core.environment:checking '/home/joo/autonomous_navigation_ws/install/autonomous_launcher/lib/pkgconfig/autonomous_launcher.pc'
[5.028s] Level 1:colcon.colcon_core.environment:checking '/home/joo/autonomous_navigation_ws/install/autonomous_launcher/lib/python3.10/site-packages'
[5.028s] Level 1:colcon.colcon_core.shell:create_environment_hook('autonomous_launcher', 'pythonpath')
[5.028s] INFO:colcon.colcon_core.shell:Creating environment hook '/home/joo/autonomous_navigation_ws/install/autonomous_launcher/share/autonomous_launcher/hook/pythonpath.ps1'
[5.028s] INFO:colcon.colcon_core.shell:Creating environment descriptor '/home/joo/autonomous_navigation_ws/install/autonomous_launcher/share/autonomous_launcher/hook/pythonpath.dsv'
[5.028s] INFO:colcon.colcon_core.shell:Creating environment hook '/home/joo/autonomous_navigation_ws/install/autonomous_launcher/share/autonomous_launcher/hook/pythonpath.sh'
[5.029s] Level 1:colcon.colcon_core.environment:checking '/home/joo/autonomous_navigation_ws/install/autonomous_launcher/bin'
[5.029s] Level 1:colcon.colcon_core.environment:create_environment_scripts_only(autonomous_launcher)
[5.029s] INFO:colcon.colcon_core.shell:Creating package script '/home/joo/autonomous_navigation_ws/install/autonomous_launcher/share/autonomous_launcher/package.ps1'
[5.030s] INFO:colcon.colcon_core.shell:Creating package descriptor '/home/joo/autonomous_navigation_ws/install/autonomous_launcher/share/autonomous_launcher/package.dsv'
[5.030s] INFO:colcon.colcon_core.shell:Creating package script '/home/joo/autonomous_navigation_ws/install/autonomous_launcher/share/autonomous_launcher/package.sh'
[5.031s] INFO:colcon.colcon_core.shell:Creating package script '/home/joo/autonomous_navigation_ws/install/autonomous_launcher/share/autonomous_launcher/package.bash'
[5.031s] INFO:colcon.colcon_core.shell:Creating package script '/home/joo/autonomous_navigation_ws/install/autonomous_launcher/share/autonomous_launcher/package.zsh'
[5.031s] Level 1:colcon.colcon_core.environment:create_file_with_runtime_dependencies(/home/joo/autonomous_navigation_ws/install/autonomous_launcher/share/colcon-core/packages/autonomous_launcher)
[5.031s] DEBUG:colcon.colcon_parallel_executor.executor.parallel:closing loop
[5.032s] DEBUG:colcon.colcon_parallel_executor.executor.parallel:loop closed
[5.032s] DEBUG:colcon.colcon_parallel_executor.executor.parallel:run_until_complete finished with '0'
[5.032s] DEBUG:colcon.colcon_core.event_reactor:joining thread
[5.037s] INFO:colcon.colcon_core.plugin_system:Skipping extension 'colcon_notification.desktop_notification.terminal_notifier': Not used on non-Darwin systems
[5.037s] INFO:colcon.colcon_core.plugin_system:Skipping extension 'colcon_notification.desktop_notification.win32': Not used on non-Windows systems
[5.037s] INFO:colcon.colcon_notification.desktop_notification:Sending desktop notification using 'notify2'
[5.048s] DEBUG:colcon.colcon_core.event_reactor:joined thread
[5.048s] INFO:colcon.colcon_core.shell:Creating prefix script '/home/joo/autonomous_navigation_ws/install/local_setup.ps1'
[5.049s] INFO:colcon.colcon_core.shell:Creating prefix util module '/home/joo/autonomous_navigation_ws/install/_local_setup_util_ps1.py'
[5.050s] INFO:colcon.colcon_core.shell:Creating prefix chain script '/home/joo/autonomous_navigation_ws/install/setup.ps1'
[5.051s] INFO:colcon.colcon_core.shell:Creating prefix script '/home/joo/autonomous_navigation_ws/install/local_setup.sh'
[5.052s] INFO:colcon.colcon_core.shell:Creating prefix util module '/home/joo/autonomous_navigation_ws/install/_local_setup_util_sh.py'
[5.052s] INFO:colcon.colcon_core.shell:Creating prefix chain script '/home/joo/autonomous_navigation_ws/install/setup.sh'
[5.053s] INFO:colcon.colcon_core.shell:Creating prefix script '/home/joo/autonomous_navigation_ws/install/local_setup.bash'
[5.054s] INFO:colcon.colcon_core.shell:Creating prefix chain script '/home/joo/autonomous_navigation_ws/install/setup.bash'
[5.055s] INFO:colcon.colcon_core.shell:Creating prefix script '/home/joo/autonomous_navigation_ws/install/local_setup.zsh'
[5.055s] INFO:colcon.colcon_core.shell:Creating prefix chain script '/home/joo/autonomous_navigation_ws/install/setup.zsh'
