running develop
running egg_info
creating mpc_controller.egg-info
writing mpc_controller.egg-info/PKG-INFO
writing dependency_links to mpc_controller.egg-info/dependency_links.txt
writing entry points to mpc_controller.egg-info/entry_points.txt
writing requirements to mpc_controller.egg-info/requires.txt
writing top-level names to mpc_controller.egg-info/top_level.txt
writing manifest file 'mpc_controller.egg-info/SOURCES.txt'
reading manifest file 'mpc_controller.egg-info/SOURCES.txt'
writing manifest file 'mpc_controller.egg-info/SOURCES.txt'
running build_ext
Creating /home/joo/autonomous_navigation_ws/install/mpc_controller/lib/python3.10/site-packages/mpc-controller.egg-link (link to .)
Installing acados_mpc_node script to /home/joo/autonomous_navigation_ws/install/mpc_controller/lib/mpc_controller
Installing mpc_controller script to /home/joo/autonomous_navigation_ws/install/mpc_controller/lib/mpc_controller

Installed /home/joo/autonomous_navigation_ws/build/mpc_controller
running symlink_data
creating /home/joo/autonomous_navigation_ws/install/mpc_controller/share/ament_index
creating /home/joo/autonomous_navigation_ws/install/mpc_controller/share/ament_index/resource_index
creating /home/joo/autonomous_navigation_ws/install/mpc_controller/share/ament_index/resource_index/packages
symbolically linking /home/joo/autonomous_navigation_ws/build/mpc_controller/resource/mpc_controller -> /home/joo/autonomous_navigation_ws/install/mpc_controller/share/ament_index/resource_index/packages
symbolically linking /home/joo/autonomous_navigation_ws/build/mpc_controller/package.xml -> /home/joo/autonomous_navigation_ws/install/mpc_controller/share/mpc_controller
