[2.023s] Invoking command in '/home/joo/autonomous_navigation_ws/build/mpc_controller': PYTHONPATH=/home/joo/autonomous_navigation_ws/build/mpc_controller/prefix_override:/usr/lib/python3/dist-packages/colcon_core/task/python/colcon_distutils_commands:/home/joo/autonomous_navigation_ws/install/mpc_controller/lib/python3.10/site-packages:${PYTHONPATH} /usr/bin/python3 -W ignore:setup.py install is deprecated -W ignore:easy_install command is deprecated setup.py develop --editable --build-directory /home/joo/autonomous_navigation_ws/build/mpc_controller/build --no-deps symlink_data
[2.551s] running develop
[2.920s] running egg_info
[2.921s] creating mpc_controller.egg-info
[2.928s] writing mpc_controller.egg-info/PKG-INFO
[2.929s] writing dependency_links to mpc_controller.egg-info/dependency_links.txt
[2.929s] writing entry points to mpc_controller.egg-info/entry_points.txt
[2.929s] writing requirements to mpc_controller.egg-info/requires.txt
[2.929s] writing top-level names to mpc_controller.egg-info/top_level.txt
[2.930s] writing manifest file 'mpc_controller.egg-info/SOURCES.txt'
[2.933s] reading manifest file 'mpc_controller.egg-info/SOURCES.txt'
[2.935s] writing manifest file 'mpc_controller.egg-info/SOURCES.txt'
[3.019s] running build_ext
[3.021s] Creating /home/joo/autonomous_navigation_ws/install/mpc_controller/lib/python3.10/site-packages/mpc-controller.egg-link (link to .)
[3.021s] Installing acados_mpc_node script to /home/joo/autonomous_navigation_ws/install/mpc_controller/lib/mpc_controller
[3.021s] Installing mpc_controller script to /home/joo/autonomous_navigation_ws/install/mpc_controller/lib/mpc_controller
[3.024s] 
[3.024s] Installed /home/joo/autonomous_navigation_ws/build/mpc_controller
[3.024s] running symlink_data
[3.024s] creating /home/joo/autonomous_navigation_ws/install/mpc_controller/share/ament_index
[3.024s] creating /home/joo/autonomous_navigation_ws/install/mpc_controller/share/ament_index/resource_index
[3.024s] creating /home/joo/autonomous_navigation_ws/install/mpc_controller/share/ament_index/resource_index/packages
[3.024s] symbolically linking /home/joo/autonomous_navigation_ws/build/mpc_controller/resource/mpc_controller -> /home/joo/autonomous_navigation_ws/install/mpc_controller/share/ament_index/resource_index/packages
[3.024s] symbolically linking /home/joo/autonomous_navigation_ws/build/mpc_controller/package.xml -> /home/joo/autonomous_navigation_ws/install/mpc_controller/share/mpc_controller
[3.097s] Invoked command in '/home/joo/autonomous_navigation_ws/build/mpc_controller' returned '0': PYTHONPATH=/home/joo/autonomous_navigation_ws/build/mpc_controller/prefix_override:/usr/lib/python3/dist-packages/colcon_core/task/python/colcon_distutils_commands:/home/joo/autonomous_navigation_ws/install/mpc_controller/lib/python3.10/site-packages:${PYTHONPATH} /usr/bin/python3 -W ignore:setup.py install is deprecated -W ignore:easy_install command is deprecated setup.py develop --editable --build-directory /home/joo/autonomous_navigation_ws/build/mpc_controller/build --no-deps symlink_data
