running develop
running egg_info
creating robot_description.egg-info
writing robot_description.egg-info/PKG-INFO
writing dependency_links to robot_description.egg-info/dependency_links.txt
writing entry points to robot_description.egg-info/entry_points.txt
writing requirements to robot_description.egg-info/requires.txt
writing top-level names to robot_description.egg-info/top_level.txt
writing manifest file 'robot_description.egg-info/SOURCES.txt'
reading manifest file 'robot_description.egg-info/SOURCES.txt'
writing manifest file 'robot_description.egg-info/SOURCES.txt'
running build_ext
Creating /home/joo/autonomous_navigation_ws/install/robot_description/lib/python3.10/site-packages/robot-description.egg-link (link to .)

Installed /home/joo/autonomous_navigation_ws/build/robot_description
running symlink_data
creating /home/joo/autonomous_navigation_ws/install/robot_description/share/ament_index
creating /home/joo/autonomous_navigation_ws/install/robot_description/share/ament_index/resource_index
creating /home/joo/autonomous_navigation_ws/install/robot_description/share/ament_index/resource_index/packages
symbolically linking /home/joo/autonomous_navigation_ws/build/robot_description/resource/robot_description -> /home/joo/autonomous_navigation_ws/install/robot_description/share/ament_index/resource_index/packages
symbolically linking /home/joo/autonomous_navigation_ws/build/robot_description/package.xml -> /home/joo/autonomous_navigation_ws/install/robot_description/share/robot_description
creating /home/joo/autonomous_navigation_ws/install/robot_description/share/robot_description/urdf
symbolically linking /home/joo/autonomous_navigation_ws/build/robot_description/urdf/robot.urdf_3.xacro -> /home/joo/autonomous_navigation_ws/install/robot_description/share/robot_description/urdf
symbolically linking /home/joo/autonomous_navigation_ws/build/robot_description/urdf/robot.urdf_1.xacro -> /home/joo/autonomous_navigation_ws/install/robot_description/share/robot_description/urdf
symbolically linking /home/joo/autonomous_navigation_ws/build/robot_description/urdf/robot.urdf_6.xacro -> /home/joo/autonomous_navigation_ws/install/robot_description/share/robot_description/urdf
symbolically linking /home/joo/autonomous_navigation_ws/build/robot_description/urdf/robot.urdf.xacro -> /home/joo/autonomous_navigation_ws/install/robot_description/share/robot_description/urdf
symbolically linking /home/joo/autonomous_navigation_ws/build/robot_description/urdf/robot.urdf_4.xacro -> /home/joo/autonomous_navigation_ws/install/robot_description/share/robot_description/urdf
symbolically linking /home/joo/autonomous_navigation_ws/build/robot_description/urdf/robot.urdf_2.xacro -> /home/joo/autonomous_navigation_ws/install/robot_description/share/robot_description/urdf
creating /home/joo/autonomous_navigation_ws/install/robot_description/share/robot_description/launch
symbolically linking /home/joo/autonomous_navigation_ws/build/robot_description/launch/robot_description.launch.py -> /home/joo/autonomous_navigation_ws/install/robot_description/share/robot_description/launch
symbolically linking /home/joo/autonomous_navigation_ws/build/robot_description/launch/gazebo.launch.py -> /home/joo/autonomous_navigation_ws/install/robot_description/share/robot_description/launch
creating /home/joo/autonomous_navigation_ws/install/robot_description/share/robot_description/rviz
symbolically linking /home/joo/autonomous_navigation_ws/build/robot_description/rviz/autonomous_navigation.rviz -> /home/joo/autonomous_navigation_ws/install/robot_description/share/robot_description/rviz
