[2.082s] Invoking command in '/home/joo/autonomous_navigation_ws/build/robot_description': PYTHONPATH=/home/joo/autonomous_navigation_ws/build/robot_description/prefix_override:/usr/lib/python3/dist-packages/colcon_core/task/python/colcon_distutils_commands:/home/joo/autonomous_navigation_ws/install/robot_description/lib/python3.10/site-packages:${PYTHONPATH} /usr/bin/python3 -W ignore:setup.py install is deprecated -W ignore:easy_install command is deprecated setup.py develop --editable --build-directory /home/joo/autonomous_navigation_ws/build/robot_description/build --no-deps symlink_data
[2.606s] running develop
[2.981s] running egg_info
[2.981s] creating robot_description.egg-info
[2.990s] writing robot_description.egg-info/PKG-INFO
[2.991s] writing dependency_links to robot_description.egg-info/dependency_links.txt
[2.991s] writing entry points to robot_description.egg-info/entry_points.txt
[2.991s] writing requirements to robot_description.egg-info/requires.txt
[2.992s] writing top-level names to robot_description.egg-info/top_level.txt
[2.995s] writing manifest file 'robot_description.egg-info/SOURCES.txt'
[2.995s] reading manifest file 'robot_description.egg-info/SOURCES.txt'
[2.997s] writing manifest file 'robot_description.egg-info/SOURCES.txt'
[3.084s] running build_ext
[3.085s] Creating /home/joo/autonomous_navigation_ws/install/robot_description/lib/python3.10/site-packages/robot-description.egg-link (link to .)
[3.087s] 
[3.087s] Installed /home/joo/autonomous_navigation_ws/build/robot_description
[3.087s] running symlink_data
[3.087s] creating /home/joo/autonomous_navigation_ws/install/robot_description/share/ament_index
[3.087s] creating /home/joo/autonomous_navigation_ws/install/robot_description/share/ament_index/resource_index
[3.087s] creating /home/joo/autonomous_navigation_ws/install/robot_description/share/ament_index/resource_index/packages
[3.087s] symbolically linking /home/joo/autonomous_navigation_ws/build/robot_description/resource/robot_description -> /home/joo/autonomous_navigation_ws/install/robot_description/share/ament_index/resource_index/packages
[3.088s] symbolically linking /home/joo/autonomous_navigation_ws/build/robot_description/package.xml -> /home/joo/autonomous_navigation_ws/install/robot_description/share/robot_description
[3.088s] creating /home/joo/autonomous_navigation_ws/install/robot_description/share/robot_description/urdf
[3.088s] symbolically linking /home/joo/autonomous_navigation_ws/build/robot_description/urdf/robot.urdf_3.xacro -> /home/joo/autonomous_navigation_ws/install/robot_description/share/robot_description/urdf
[3.088s] symbolically linking /home/joo/autonomous_navigation_ws/build/robot_description/urdf/robot.urdf_1.xacro -> /home/joo/autonomous_navigation_ws/install/robot_description/share/robot_description/urdf
[3.088s] symbolically linking /home/joo/autonomous_navigation_ws/build/robot_description/urdf/robot.urdf_6.xacro -> /home/joo/autonomous_navigation_ws/install/robot_description/share/robot_description/urdf
[3.088s] symbolically linking /home/joo/autonomous_navigation_ws/build/robot_description/urdf/robot.urdf.xacro -> /home/joo/autonomous_navigation_ws/install/robot_description/share/robot_description/urdf
[3.088s] symbolically linking /home/joo/autonomous_navigation_ws/build/robot_description/urdf/robot.urdf_4.xacro -> /home/joo/autonomous_navigation_ws/install/robot_description/share/robot_description/urdf
[3.088s] symbolically linking /home/joo/autonomous_navigation_ws/build/robot_description/urdf/robot.urdf_2.xacro -> /home/joo/autonomous_navigation_ws/install/robot_description/share/robot_description/urdf
[3.088s] creating /home/joo/autonomous_navigation_ws/install/robot_description/share/robot_description/launch
[3.089s] symbolically linking /home/joo/autonomous_navigation_ws/build/robot_description/launch/robot_description.launch.py -> /home/joo/autonomous_navigation_ws/install/robot_description/share/robot_description/launch
[3.089s] symbolically linking /home/joo/autonomous_navigation_ws/build/robot_description/launch/gazebo.launch.py -> /home/joo/autonomous_navigation_ws/install/robot_description/share/robot_description/launch
[3.089s] creating /home/joo/autonomous_navigation_ws/install/robot_description/share/robot_description/rviz
[3.089s] symbolically linking /home/joo/autonomous_navigation_ws/build/robot_description/rviz/autonomous_navigation.rviz -> /home/joo/autonomous_navigation_ws/install/robot_description/share/robot_description/rviz
[3.141s] Invoked command in '/home/joo/autonomous_navigation_ws/build/robot_description' returned '0': PYTHONPATH=/home/joo/autonomous_navigation_ws/build/robot_description/prefix_override:/usr/lib/python3/dist-packages/colcon_core/task/python/colcon_distutils_commands:/home/joo/autonomous_navigation_ws/install/robot_description/lib/python3.10/site-packages:${PYTHONPATH} /usr/bin/python3 -W ignore:setup.py install is deprecated -W ignore:easy_install command is deprecated setup.py develop --editable --build-directory /home/joo/autonomous_navigation_ws/build/robot_description/build --no-deps symlink_data
