[2.005s] Invoking command in '/home/joo/autonomous_navigation_ws/build/obstacle_detection': PYTHONPATH=/home/joo/autonomous_navigation_ws/build/obstacle_detection/prefix_override:/usr/lib/python3/dist-packages/colcon_core/task/python/colcon_distutils_commands:/home/joo/autonomous_navigation_ws/install/obstacle_detection/lib/python3.10/site-packages:${PYTHONPATH} /usr/bin/python3 -W ignore:setup.py install is deprecated -W ignore:easy_install command is deprecated setup.py develop --editable --build-directory /home/joo/autonomous_navigation_ws/build/obstacle_detection/build --no-deps symlink_data
[2.538s] running develop
[2.908s] running egg_info
[2.908s] creating obstacle_detection.egg-info
[2.916s] writing obstacle_detection.egg-info/PKG-INFO
[2.919s] writing dependency_links to obstacle_detection.egg-info/dependency_links.txt
[2.919s] writing entry points to obstacle_detection.egg-info/entry_points.txt
[2.919s] writing requirements to obstacle_detection.egg-info/requires.txt
[2.919s] writing top-level names to obstacle_detection.egg-info/top_level.txt
[2.919s] writing manifest file 'obstacle_detection.egg-info/SOURCES.txt'
[2.920s] reading manifest file 'obstacle_detection.egg-info/SOURCES.txt'
[2.922s] writing manifest file 'obstacle_detection.egg-info/SOURCES.txt'
[3.008s] running build_ext
[3.009s] Creating /home/joo/autonomous_navigation_ws/install/obstacle_detection/lib/python3.10/site-packages/obstacle-detection.egg-link (link to .)
[3.010s] Installing obstacle_detector script to /home/joo/autonomous_navigation_ws/install/obstacle_detection/lib/obstacle_detection
[3.010s] 
[3.011s] Installed /home/joo/autonomous_navigation_ws/build/obstacle_detection
[3.011s] running symlink_data
[3.011s] creating /home/joo/autonomous_navigation_ws/install/obstacle_detection/share/ament_index
[3.011s] creating /home/joo/autonomous_navigation_ws/install/obstacle_detection/share/ament_index/resource_index
[3.011s] creating /home/joo/autonomous_navigation_ws/install/obstacle_detection/share/ament_index/resource_index/packages
[3.011s] symbolically linking /home/joo/autonomous_navigation_ws/build/obstacle_detection/resource/obstacle_detection -> /home/joo/autonomous_navigation_ws/install/obstacle_detection/share/ament_index/resource_index/packages
[3.012s] symbolically linking /home/joo/autonomous_navigation_ws/build/obstacle_detection/package.xml -> /home/joo/autonomous_navigation_ws/install/obstacle_detection/share/obstacle_detection
[3.076s] Invoked command in '/home/joo/autonomous_navigation_ws/build/obstacle_detection' returned '0': PYTHONPATH=/home/joo/autonomous_navigation_ws/build/obstacle_detection/prefix_override:/usr/lib/python3/dist-packages/colcon_core/task/python/colcon_distutils_commands:/home/joo/autonomous_navigation_ws/install/obstacle_detection/lib/python3.10/site-packages:${PYTHONPATH} /usr/bin/python3 -W ignore:setup.py install is deprecated -W ignore:easy_install command is deprecated setup.py develop --editable --build-directory /home/joo/autonomous_navigation_ws/build/obstacle_detection/build --no-deps symlink_data
