[2.005s] Invoking command in '/home/joo/autonomous_navigation_ws/build/path_planner': PYTHONPATH=/home/joo/autonomous_navigation_ws/build/path_planner/prefix_override:/usr/lib/python3/dist-packages/colcon_core/task/python/colcon_distutils_commands:/home/joo/autonomous_navigation_ws/install/path_planner/lib/python3.10/site-packages:${PYTHONPATH} /usr/bin/python3 -W ignore:setup.py install is deprecated -W ignore:easy_install command is deprecated setup.py develop --editable --build-directory /home/joo/autonomous_navigation_ws/build/path_planner/build --no-deps symlink_data
[2.577s] running develop
[2.984s] running egg_info
[2.984s] creating path_planner.egg-info
[2.994s] writing path_planner.egg-info/PKG-INFO
[2.994s] writing dependency_links to path_planner.egg-info/dependency_links.txt
[2.994s] writing entry points to path_planner.egg-info/entry_points.txt
[2.994s] writing requirements to path_planner.egg-info/requires.txt
[2.994s] writing top-level names to path_planner.egg-info/top_level.txt
[2.994s] writing manifest file 'path_planner.egg-info/SOURCES.txt'
[2.995s] reading manifest file 'path_planner.egg-info/SOURCES.txt'
[2.996s] writing manifest file 'path_planner.egg-info/SOURCES.txt'
[3.097s] running build_ext
[3.097s] Creating /home/joo/autonomous_navigation_ws/install/path_planner/lib/python3.10/site-packages/path-planner.egg-link (link to .)
[3.098s] Installing astar_planner script to /home/joo/autonomous_navigation_ws/install/path_planner/lib/path_planner
[3.099s] 
[3.099s] Installed /home/joo/autonomous_navigation_ws/build/path_planner
[3.099s] running symlink_data
[3.099s] creating /home/joo/autonomous_navigation_ws/install/path_planner/share/ament_index
[3.099s] creating /home/joo/autonomous_navigation_ws/install/path_planner/share/ament_index/resource_index
[3.099s] creating /home/joo/autonomous_navigation_ws/install/path_planner/share/ament_index/resource_index/packages
[3.099s] symbolically linking /home/joo/autonomous_navigation_ws/build/path_planner/resource/path_planner -> /home/joo/autonomous_navigation_ws/install/path_planner/share/ament_index/resource_index/packages
[3.100s] symbolically linking /home/joo/autonomous_navigation_ws/build/path_planner/package.xml -> /home/joo/autonomous_navigation_ws/install/path_planner/share/path_planner
[3.157s] Invoked command in '/home/joo/autonomous_navigation_ws/build/path_planner' returned '0': PYTHONPATH=/home/joo/autonomous_navigation_ws/build/path_planner/prefix_override:/usr/lib/python3/dist-packages/colcon_core/task/python/colcon_distutils_commands:/home/joo/autonomous_navigation_ws/install/path_planner/lib/python3.10/site-packages:${PYTHONPATH} /usr/bin/python3 -W ignore:setup.py install is deprecated -W ignore:easy_install command is deprecated setup.py develop --editable --build-directory /home/joo/autonomous_navigation_ws/build/path_planner/build --no-deps symlink_data
